#! /opt/homebrew/Cellar/icarus-verilog/12.0/bin/vvp
:ivl_version "12.0 (stable)";
:ivl_delay_selection "TYPICAL";
:vpi_time_precision + 0;
:vpi_module "/opt/homebrew/Cellar/icarus-verilog/12.0/lib/ivl/system.vpi";
:vpi_module "/opt/homebrew/Cellar/icarus-verilog/12.0/lib/ivl/vhdl_sys.vpi";
:vpi_module "/opt/homebrew/Cellar/icarus-verilog/12.0/lib/ivl/vhdl_textio.vpi";
:vpi_module "/opt/homebrew/Cellar/icarus-verilog/12.0/lib/ivl/v2005_math.vpi";
:vpi_module "/opt/homebrew/Cellar/icarus-verilog/12.0/lib/ivl/va_math.vpi";
S_0x13ef089a0 .scope module, "adder" "adder" 2 20;
 .timescale 0 0;
    .port_info 0 /INPUT 32 "a";
    .port_info 1 /INPUT 32 "b";
    .port_info 2 /OUTPUT 32 "out";
o0x130008010 .functor BUFZ 32, C4<zzzzzzzzzzzzzzzzzzzzzzzzzzzzzzzz>; HiZ drive
v0x600001592910_0 .net "a", 31 0, o0x130008010;  0 drivers
o0x130008040 .functor BUFZ 32, C4<zzzzzzzzzzzzzzzzzzzzzzzzzzzzzzzz>; HiZ drive
v0x6000015929a0_0 .net "b", 31 0, o0x130008040;  0 drivers
v0x600001592a30_0 .net "out", 31 0, L_0x6000016900a0;  1 drivers
L_0x6000016900a0 .arith/sum 32, o0x130008010, o0x130008040;
S_0x13ef083b0 .scope module, "cpu_test" "cpu_test" 3 6;
 .timescale 0 0;
v0x600001599440_0 .var "clk", 0 0;
v0x6000015994d0_0 .net "data_memory_a", 31 0, L_0x600000c90f50;  1 drivers
v0x600001599560_0 .net "data_memory_rd", 31 0, L_0x600000c90850;  1 drivers
v0x6000015995f0_0 .net "data_memory_wd", 31 0, L_0x600000c90fc0;  1 drivers
v0x600001599680_0 .net "data_memory_we", 0 0, L_0x600000c91030;  1 drivers
v0x600001599710_0 .var "i_counter", 31 0;
v0x6000015997a0_0 .net "instruction_memory_a", 31 0, L_0x600000c90e70;  1 drivers
v0x600001599830_0 .net "instruction_memory_rd", 31 0, L_0x600000c90770;  1 drivers
v0x6000015998c0_0 .var "mem_counter", 31 0;
v0x600001599950_0 .net "pc", 31 0, v0x6000015993b0_0;  1 drivers
v0x6000015999e0_0 .net "pc_new", 31 0, L_0x600001692080;  1 drivers
v0x600001599a70_0 .var "reg_counter", 31 0;
v0x600001599b00_0 .net "register_a1", 4 0, L_0x600001691220;  1 drivers
v0x600001599b90_0 .net "register_a2", 4 0, L_0x6000016912c0;  1 drivers
v0x600001599c20_0 .net "register_a3", 4 0, L_0x600001691400;  1 drivers
v0x600001599cb0_0 .net "register_rd1", 31 0, L_0x600000c908c0;  1 drivers
v0x600001599d40_0 .net "register_rd2", 31 0, L_0x600000c90930;  1 drivers
v0x600001599dd0_0 .net "register_wd3", 31 0, L_0x6000016919a0;  1 drivers
v0x600001599e60_0 .net "register_we3", 0 0, L_0x600000c90ee0;  1 drivers
S_0x13ef08520 .scope module, "cpu" "mips_cpu" 3 35, 4 3 0, S_0x13ef083b0;
 .timescale 0 0;
    .port_info 0 /INPUT 1 "clk";
    .port_info 1 /INOUT 32 "pc";
    .port_info 2 /OUTPUT 32 "pc_new";
    .port_info 3 /OUTPUT 32 "instruction_memory_a";
    .port_info 4 /INOUT 32 "instruction_memory_rd";
    .port_info 5 /OUTPUT 32 "data_memory_a";
    .port_info 6 /INOUT 32 "data_memory_rd";
    .port_info 7 /OUTPUT 1 "data_memory_we";
    .port_info 8 /OUTPUT 32 "data_memory_wd";
    .port_info 9 /OUTPUT 5 "register_a1";
    .port_info 10 /OUTPUT 5 "register_a2";
    .port_info 11 /OUTPUT 5 "register_a3";
    .port_info 12 /OUTPUT 1 "register_we3";
    .port_info 13 /OUTPUT 32 "register_wd3";
    .port_info 14 /INOUT 32 "register_rd1";
    .port_info 15 /INOUT 32 "register_rd2";
L_0x600000c90e00 .functor BUFZ 32, L_0x600000c908c0, C4<00000000000000000000000000000000>, C4<00000000000000000000000000000000>, C4<00000000000000000000000000000000>;
L_0x600000c90e70 .functor BUFZ 32, v0x6000015993b0_0, C4<00000000000000000000000000000000>, C4<00000000000000000000000000000000>, C4<00000000000000000000000000000000>;
L_0x600000c90ee0 .functor BUFZ 1, v0x600001593690_0, C4<0>, C4<0>, C4<0>;
L_0x600000c90f50 .functor BUFZ 32, v0x600001593ba0_0, C4<00000000000000000000000000000000>, C4<00000000000000000000000000000000>, C4<00000000000000000000000000000000>;
L_0x600000c90fc0 .functor BUFZ 32, L_0x600000c90930, C4<00000000000000000000000000000000>, C4<00000000000000000000000000000000>, C4<00000000000000000000000000000000>;
L_0x600000c91030 .functor BUFZ 1, v0x600001593570_0, C4<0>, C4<0>, C4<0>;
L_0x130040178 .functor BUFT 1, C4<000000>, C4<0>, C4<0>, C4<0>;
v0x60000159df80_0 .net/2u *"_ivl_18", 5 0, L_0x130040178;  1 drivers
v0x60000159e010_0 .net *"_ivl_21", 15 0, L_0x6000016914a0;  1 drivers
v0x60000159e0a0_0 .net *"_ivl_22", 21 0, L_0x600001691540;  1 drivers
L_0x1300401c0 .functor BUFT 1, C4<0000000000>, C4<0>, C4<0>, C4<0>;
v0x60000159e130_0 .net *"_ivl_27", 9 0, L_0x1300401c0;  1 drivers
L_0x130040328 .functor BUFT 1, C4<000000>, C4<0>, C4<0>, C4<0>;
v0x60000159e1c0_0 .net/2u *"_ivl_48", 5 0, L_0x130040328;  1 drivers
v0x60000159e250_0 .net "a", 31 0, L_0x600001691900;  1 drivers
v0x60000159e2e0_0 .net "beq", 0 0, v0x600001593180_0;  1 drivers
v0x60000159e370_0 .net "bne", 0 0, v0x600001593210_0;  1 drivers
v0x60000159e400_0 .net "ch", 0 0, L_0x600001691c20;  1 drivers
v0x60000159e490_0 .net "ch2", 0 0, L_0x600001691cc0;  1 drivers
v0x60000159e520_0 .net "change", 0 0, v0x6000015932a0_0;  1 drivers
v0x60000159e5b0_0 .net "checking", 2 0, v0x600001592c70_0;  1 drivers
v0x60000159e640_0 .net "clk", 0 0, v0x600001599440_0;  1 drivers
RS_0x130008850 .resolv tri, L_0x6000016915e0, L_0x6000016917c0;
v0x60000159e6d0_0 .net8 "const", 31 0, RS_0x130008850;  2 drivers
v0x60000159e760_0 .net "constatna", 31 0, L_0x600001691ae0;  1 drivers
v0x60000159e7f0_0 .net "data", 0 0, v0x600001593330_0;  1 drivers
v0x60000159e880_0 .net "data_memory_a", 31 0, L_0x600000c90f50;  alias, 1 drivers
v0x60000159e910_0 .net "data_memory_rd", 31 0, L_0x600000c90850;  alias, 1 drivers
v0x60000159e9a0_0 .net "data_memory_wd", 31 0, L_0x600000c90fc0;  alias, 1 drivers
v0x60000159ea30_0 .net "data_memory_we", 0 0, L_0x600000c91030;  alias, 1 drivers
v0x60000159eac0_0 .net "final", 0 0, v0x6000015933c0_0;  1 drivers
v0x60000159eb50_0 .net "forka", 0 0, L_0x600001691b80;  1 drivers
v0x60000159ebe0_0 .net "funct", 5 0, L_0x600001690f00;  1 drivers
v0x60000159ec70_0 .net "inp1", 0 0, v0x600001593f00_0;  1 drivers
v0x60000159ed00_0 .net "inp2", 0 0, v0x60000159c240_0;  1 drivers
v0x60000159ed90_0 .net "input1", 31 0, L_0x600000c90e00;  1 drivers
v0x60000159ee20_0 .net "input2", 31 0, L_0x600001691860;  1 drivers
v0x60000159eeb0_0 .net "instruction_memory_a", 31 0, L_0x600000c90e70;  alias, 1 drivers
v0x60000159ef40_0 .net "instruction_memory_rd", 31 0, L_0x600000c90770;  alias, 1 drivers
v0x60000159efd0_0 .net "jump", 25 0, L_0x600001691180;  1 drivers
v0x60000159f060_0 .net "jumpa", 31 0, L_0x600001691f40;  1 drivers
v0x60000159f0f0_0 .net "kek", 0 0, v0x60000159d3b0_0;  1 drivers
v0x60000159f180_0 .net "link", 0 0, v0x600001593450_0;  1 drivers
v0x60000159f210_0 .net "memoR", 0 0, v0x6000015934e0_0;  1 drivers
v0x60000159f2a0_0 .net "memoW", 0 0, v0x600001593570_0;  1 drivers
v0x60000159f330_0 .net "operationCode", 5 0, L_0x600001690e60;  1 drivers
v0x60000159f3c0_0 .net "pc", 31 0, v0x6000015993b0_0;  alias, 1 drivers
v0x60000159f450_0 .net "pc1", 31 0, v0x60000159c1b0_0;  1 drivers
v0x60000159f4e0_0 .net "pc_new", 31 0, L_0x600001692080;  alias, 1 drivers
v0x60000159f570_0 .net "pcinit", 31 0, v0x600001593e70_0;  1 drivers
v0x60000159f600_0 .net "readWrite1", 4 0, L_0x600001690fa0;  1 drivers
v0x60000159f690_0 .net "readWrite2", 4 0, L_0x600001691040;  1 drivers
v0x60000159f720_0 .net "register_a1", 4 0, L_0x600001691220;  alias, 1 drivers
v0x60000159f7b0_0 .net "register_a2", 4 0, L_0x6000016912c0;  alias, 1 drivers
v0x60000159f840_0 .net "register_a3", 4 0, L_0x600001691400;  alias, 1 drivers
v0x60000159f8d0_0 .net "register_rd1", 31 0, L_0x600000c908c0;  alias, 1 drivers
v0x60000159f960_0 .net "register_rd2", 31 0, L_0x600000c90930;  alias, 1 drivers
v0x60000159f9f0_0 .net "register_wd3", 31 0, L_0x6000016919a0;  alias, 1 drivers
v0x60000159fa80_0 .net "register_we3", 0 0, L_0x600000c90ee0;  alias, 1 drivers
v0x60000159fb10_0 .net "registr", 0 0, v0x600001593600_0;  1 drivers
v0x60000159fba0_0 .net "result", 31 0, v0x600001593ba0_0;  1 drivers
v0x60000159fc30_0 .net "tempChange", 31 0, L_0x600001691e00;  1 drivers
v0x60000159fcc0_0 .net "tempConst", 15 0, L_0x6000016910e0;  1 drivers
v0x60000159fd50_0 .net "tempPc", 31 0, L_0x600001691d60;  1 drivers
v0x60000159fde0_0 .net "tempPckek", 31 0, L_0x600001691fe0;  1 drivers
v0x60000159fe70_0 .net "tempWriter", 4 0, L_0x600001691360;  1 drivers
v0x60000159ff00_0 .net "writer", 0 0, v0x600001593690_0;  1 drivers
v0x600001598000_0 .net "zero", 0 0, v0x600001593c30_0;  1 drivers
L_0x600001690e60 .part L_0x600000c90770, 26, 6;
L_0x600001690f00 .part L_0x600000c90770, 0, 6;
L_0x600001690fa0 .part L_0x600000c90770, 16, 5;
L_0x600001691040 .part L_0x600000c90770, 11, 5;
L_0x6000016910e0 .part L_0x600000c90770, 0, 16;
L_0x600001691180 .part L_0x600000c90770, 0, 26;
L_0x600001691220 .part L_0x600000c90770, 21, 5;
L_0x6000016912c0 .part L_0x600000c90770, 16, 5;
L_0x6000016914a0 .part L_0x600000c90770, 0, 16;
L_0x600001691540 .concat [ 16 6 0 0], L_0x6000016914a0, L_0x130040178;
L_0x6000016915e0 .concat [ 22 10 0 0], L_0x600001691540, L_0x1300401c0;
L_0x600001691c20 .reduce/nor v0x600001593c30_0;
L_0x600001691e00 .concat [ 6 26 0 0], L_0x130040328, L_0x600001691180;
S_0x13ef07870 .scope module, "CU" "signalch" 4 38, 4 140 0, S_0x13ef08520;
 .timescale 0 0;
    .port_info 0 /INPUT 6 "operationCode";
    .port_info 1 /INPUT 6 "funct";
    .port_info 2 /OUTPUT 1 "memoR";
    .port_info 3 /OUTPUT 1 "memoW";
    .port_info 4 /OUTPUT 1 "bne";
    .port_info 5 /OUTPUT 1 "beq";
    .port_info 6 /OUTPUT 1 "data";
    .port_info 7 /OUTPUT 1 "final";
    .port_info 8 /OUTPUT 1 "writer";
    .port_info 9 /OUTPUT 3 "checking";
    .port_info 10 /OUTPUT 1 "change";
    .port_info 11 /OUTPUT 1 "link";
    .port_info 12 /OUTPUT 1 "registr";
v0x600001592ac0_0 .net "beq", 0 0, v0x600001593180_0;  alias, 1 drivers
v0x600001592b50_0 .net "bne", 0 0, v0x600001593210_0;  alias, 1 drivers
v0x600001592be0_0 .net "change", 0 0, v0x6000015932a0_0;  alias, 1 drivers
v0x600001592c70_0 .var "checking", 2 0;
v0x600001592d00_0 .net "data", 0 0, v0x600001593330_0;  alias, 1 drivers
v0x600001592d90_0 .net "final", 0 0, v0x6000015933c0_0;  alias, 1 drivers
v0x600001592e20_0 .net "funct", 5 0, L_0x600001690f00;  alias, 1 drivers
v0x600001592eb0_0 .net "link", 0 0, v0x600001593450_0;  alias, 1 drivers
v0x600001592f40_0 .net "memoR", 0 0, v0x6000015934e0_0;  alias, 1 drivers
v0x600001592fd0_0 .net "memoW", 0 0, v0x600001593570_0;  alias, 1 drivers
v0x600001593060_0 .net "operationCode", 5 0, L_0x600001690e60;  alias, 1 drivers
v0x6000015930f0_0 .net "registr", 0 0, v0x600001593600_0;  alias, 1 drivers
v0x600001593180_0 .var "tempBeq", 0 0;
v0x600001593210_0 .var "tempBne", 0 0;
v0x6000015932a0_0 .var "tempChange", 0 0;
v0x600001593330_0 .var "tempData", 0 0;
v0x6000015933c0_0 .var "tempFinal", 0 0;
v0x600001593450_0 .var "tempLink", 0 0;
v0x6000015934e0_0 .var "tempMemoR", 0 0;
v0x600001593570_0 .var "tempMemoW", 0 0;
v0x600001593600_0 .var "tempRegistr", 0 0;
v0x600001593690_0 .var "tempWriter", 0 0;
v0x600001593720_0 .net "writer", 0 0, v0x600001593690_0;  alias, 1 drivers
E_0x60000329fb80 .event anyedge, v0x600001593060_0, v0x600001592c70_0, v0x600001592e20_0;
S_0x13ef07b20 .scope module, "aa1" "shl_2" 4 74, 2 12 0, S_0x13ef08520;
 .timescale 0 0;
    .port_info 0 /INPUT 32 "in";
    .port_info 1 /OUTPUT 32 "out";
v0x6000015937b0_0 .net *"_ivl_1", 29 0, L_0x600001691a40;  1 drivers
L_0x130040208 .functor BUFT 1, C4<00>, C4<0>, C4<0>, C4<0>;
v0x600001593840_0 .net/2u *"_ivl_2", 1 0, L_0x130040208;  1 drivers
v0x6000015938d0_0 .net8 "in", 31 0, RS_0x130008850;  alias, 2 drivers
v0x600001593960_0 .net "out", 31 0, L_0x600001691ae0;  alias, 1 drivers
L_0x600001691a40 .part RS_0x130008850, 0, 30;
L_0x600001691ae0 .concat [ 2 30 0 0], L_0x130040208, L_0x600001691a40;
S_0x13ef07c90 .scope module, "al1" "alu" 4 59, 4 115 0, S_0x13ef08520;
 .timescale 0 0;
    .port_info 0 /INPUT 32 "input1";
    .port_info 1 /INPUT 32 "input2";
    .port_info 2 /INPUT 3 "control";
    .port_info 3 /OUTPUT 32 "res";
    .port_info 4 /OUTPUT 1 "zero";
v0x6000015939f0_0 .net "control", 2 0, v0x600001592c70_0;  alias, 1 drivers
v0x600001593a80_0 .net/s "input1", 31 0, L_0x600000c90e00;  alias, 1 drivers
v0x600001593b10_0 .net/s "input2", 31 0, L_0x600001691860;  alias, 1 drivers
v0x600001593ba0_0 .var "res", 31 0;
v0x600001593c30_0 .var "zero", 0 0;
E_0x60000329fbc0 .event anyedge, v0x600001593b10_0, v0x600001593a80_0, v0x600001592c70_0;
S_0x13ef07e00 .scope module, "alu1" "alu" 4 76, 4 115 0, S_0x13ef08520;
 .timescale 0 0;
    .port_info 0 /INPUT 32 "input1";
    .port_info 1 /INPUT 32 "input2";
    .port_info 2 /INPUT 3 "control";
    .port_info 3 /OUTPUT 32 "res";
    .port_info 4 /OUTPUT 1 "zero";
L_0x130040298 .functor BUFT 1, C4<010>, C4<0>, C4<0>, C4<0>;
v0x600001593cc0_0 .net "control", 2 0, L_0x130040298;  1 drivers
v0x600001593d50_0 .net/s "input1", 31 0, v0x6000015993b0_0;  alias, 1 drivers
L_0x130040250 .functor BUFT 1, C4<00000000000000000000000000000100>, C4<0>, C4<0>, C4<0>;
v0x600001593de0_0 .net/s "input2", 31 0, L_0x130040250;  1 drivers
v0x600001593e70_0 .var "res", 31 0;
v0x600001593f00_0 .var "zero", 0 0;
E_0x60000329fc40 .event anyedge, v0x600001593de0_0, v0x600001593d50_0, v0x600001593cc0_0;
S_0x13ef06a30 .scope module, "alu2" "alu" 4 77, 4 115 0, S_0x13ef08520;
 .timescale 0 0;
    .port_info 0 /INPUT 32 "input1";
    .port_info 1 /INPUT 32 "input2";
    .port_info 2 /INPUT 3 "control";
    .port_info 3 /OUTPUT 32 "res";
    .port_info 4 /OUTPUT 1 "zero";
L_0x1300402e0 .functor BUFT 1, C4<010>, C4<0>, C4<0>, C4<0>;
v0x60000159c000_0 .net "control", 2 0, L_0x1300402e0;  1 drivers
v0x60000159c090_0 .net/s "input1", 31 0, v0x600001593e70_0;  alias, 1 drivers
v0x60000159c120_0 .net/s "input2", 31 0, L_0x600001691ae0;  alias, 1 drivers
v0x60000159c1b0_0 .var "res", 31 0;
v0x60000159c240_0 .var "zero", 0 0;
E_0x60000329fd00 .event anyedge, v0x600001593960_0, v0x600001593e70_0, v0x60000159c000_0;
S_0x13ef06ba0 .scope module, "b1" "shl_2" 4 100, 2 12 0, S_0x13ef08520;
 .timescale 0 0;
    .port_info 0 /INPUT 32 "in";
    .port_info 1 /OUTPUT 32 "out";
v0x60000159c2d0_0 .net *"_ivl_1", 29 0, L_0x600001691ea0;  1 drivers
L_0x130040370 .functor BUFT 1, C4<00>, C4<0>, C4<0>, C4<0>;
v0x60000159c360_0 .net/2u *"_ivl_2", 1 0, L_0x130040370;  1 drivers
v0x60000159c3f0_0 .net "in", 31 0, L_0x600001691e00;  alias, 1 drivers
v0x60000159c480_0 .net "out", 31 0, L_0x600001691f40;  alias, 1 drivers
L_0x600001691ea0 .part L_0x600001691e00, 0, 30;
L_0x600001691f40 .concat [ 2 30 0 0], L_0x130040370, L_0x600001691ea0;
S_0x13ef06d10 .scope module, "choosePc" "mux2_32" 4 94, 2 28 0, S_0x13ef08520;
 .timescale 0 0;
    .port_info 0 /INPUT 32 "d0";
    .port_info 1 /INPUT 32 "d1";
    .port_info 2 /INPUT 1 "a";
    .port_info 3 /OUTPUT 32 "out";
v0x60000159c510_0 .net "a", 0 0, v0x60000159d3b0_0;  alias, 1 drivers
v0x60000159c5a0_0 .net "d0", 31 0, v0x600001593e70_0;  alias, 1 drivers
v0x60000159c630_0 .net "d1", 31 0, v0x60000159c1b0_0;  alias, 1 drivers
v0x60000159c6c0_0 .net "out", 31 0, L_0x600001691d60;  alias, 1 drivers
L_0x600001691d60 .functor MUXZ 32, v0x600001593e70_0, v0x60000159c1b0_0, v0x60000159d3b0_0, C4<>;
S_0x13ef06e80 .scope module, "choosePc1" "mux2_32" 4 104, 2 28 0, S_0x13ef08520;
 .timescale 0 0;
    .port_info 0 /INPUT 32 "d0";
    .port_info 1 /INPUT 32 "d1";
    .port_info 2 /INPUT 1 "a";
    .port_info 3 /OUTPUT 32 "out";
v0x60000159c750_0 .net "a", 0 0, v0x6000015932a0_0;  alias, 1 drivers
v0x60000159c7e0_0 .net "d0", 31 0, L_0x600001691d60;  alias, 1 drivers
v0x60000159c870_0 .net "d1", 31 0, L_0x600001691f40;  alias, 1 drivers
v0x60000159c900_0 .net "out", 31 0, L_0x600001691fe0;  alias, 1 drivers
L_0x600001691fe0 .functor MUXZ 32, L_0x600001691d60, L_0x600001691f40, v0x6000015932a0_0, C4<>;
S_0x13ef06ff0 .scope module, "choosePc2" "mux2_32" 4 105, 2 28 0, S_0x13ef08520;
 .timescale 0 0;
    .port_info 0 /INPUT 32 "d0";
    .port_info 1 /INPUT 32 "d1";
    .port_info 2 /INPUT 1 "a";
    .port_info 3 /OUTPUT 32 "out";
v0x60000159c990_0 .net "a", 0 0, v0x600001593600_0;  alias, 1 drivers
v0x60000159ca20_0 .net "d0", 31 0, L_0x600001691fe0;  alias, 1 drivers
v0x60000159cab0_0 .net "d1", 31 0, L_0x600000c90e00;  alias, 1 drivers
v0x60000159cb40_0 .net "out", 31 0, L_0x600001692080;  alias, 1 drivers
L_0x600001692080 .functor MUXZ 32, L_0x600001691fe0, L_0x600000c90e00, v0x600001593600_0, C4<>;
S_0x13ef07160 .scope module, "de" "sign_extend" 4 51, 2 3 0, S_0x13ef08520;
 .timescale 0 0;
    .port_info 0 /INPUT 16 "in";
    .port_info 1 /OUTPUT 32 "out";
v0x60000159cbd0_0 .net *"_ivl_1", 0 0, L_0x600001691680;  1 drivers
v0x60000159cc60_0 .net *"_ivl_2", 15 0, L_0x600001691720;  1 drivers
v0x60000159ccf0_0 .net "in", 15 0, L_0x6000016910e0;  alias, 1 drivers
v0x60000159cd80_0 .net8 "out", 31 0, RS_0x130008850;  alias, 2 drivers
L_0x600001691680 .part L_0x6000016910e0, 15, 1;
LS_0x600001691720_0_0 .concat [ 1 1 1 1], L_0x600001691680, L_0x600001691680, L_0x600001691680, L_0x600001691680;
LS_0x600001691720_0_4 .concat [ 1 1 1 1], L_0x600001691680, L_0x600001691680, L_0x600001691680, L_0x600001691680;
LS_0x600001691720_0_8 .concat [ 1 1 1 1], L_0x600001691680, L_0x600001691680, L_0x600001691680, L_0x600001691680;
LS_0x600001691720_0_12 .concat [ 1 1 1 1], L_0x600001691680, L_0x600001691680, L_0x600001691680, L_0x600001691680;
L_0x600001691720 .concat [ 4 4 4 4], LS_0x600001691720_0_0, LS_0x600001691720_0_4, LS_0x600001691720_0_8, LS_0x600001691720_0_12;
L_0x6000016917c0 .concat [ 16 16 0 0], L_0x6000016910e0, L_0x600001691720;
S_0x13ef072d0 .scope module, "mux1" "mux" 4 81, 4 136 0, S_0x13ef08520;
 .timescale 0 0;
    .port_info 0 /INPUT 1 "d0";
    .port_info 1 /INPUT 1 "d1";
    .port_info 2 /INPUT 1 "input1";
    .port_info 3 /OUTPUT 1 "out";
v0x60000159ce10_0 .net "d0", 0 0, v0x600001593210_0;  alias, 1 drivers
v0x60000159cea0_0 .net "d1", 0 0, v0x600001593180_0;  alias, 1 drivers
v0x60000159cf30_0 .net "input1", 0 0, v0x600001593c30_0;  alias, 1 drivers
v0x60000159cfc0_0 .net "out", 0 0, L_0x600001691b80;  alias, 1 drivers
L_0x600001691b80 .functor MUXZ 1, v0x600001593210_0, v0x600001593180_0, v0x600001593c30_0, C4<>;
S_0x13ef05b40 .scope module, "mx2" "mux" 4 87, 4 136 0, S_0x13ef08520;
 .timescale 0 0;
    .port_info 0 /INPUT 1 "d0";
    .port_info 1 /INPUT 1 "d1";
    .port_info 2 /INPUT 1 "input1";
    .port_info 3 /OUTPUT 1 "out";
v0x60000159d050_0 .net "d0", 0 0, L_0x600001691c20;  alias, 1 drivers
v0x60000159d0e0_0 .net "d1", 0 0, v0x600001593c30_0;  alias, 1 drivers
v0x60000159d170_0 .net "input1", 0 0, v0x600001593180_0;  alias, 1 drivers
v0x60000159d200_0 .net "out", 0 0, L_0x600001691cc0;  alias, 1 drivers
L_0x600001691cc0 .functor MUXZ 1, L_0x600001691c20, v0x600001593c30_0, v0x600001593180_0, C4<>;
S_0x13ef05cb0 .scope module, "n1" "and_gate" 4 90, 4 109 0, S_0x13ef08520;
 .timescale 0 0;
    .port_info 0 /INPUT 1 "input1";
    .port_info 1 /INPUT 1 "input2";
    .port_info 2 /OUTPUT 1 "out";
v0x60000159d290_0 .net "input1", 0 0, L_0x600001691b80;  alias, 1 drivers
v0x60000159d320_0 .net "input2", 0 0, L_0x600001691cc0;  alias, 1 drivers
v0x60000159d3b0_0 .var "out", 0 0;
E_0x60000329fe00 .event anyedge, v0x60000159d200_0, v0x60000159cfc0_0;
S_0x13ef05e20 .scope module, "output1" "mux2_5" 4 46, 2 36 0, S_0x13ef08520;
 .timescale 0 0;
    .port_info 0 /INPUT 5 "d0";
    .port_info 1 /INPUT 5 "d1";
    .port_info 2 /INPUT 1 "a";
    .port_info 3 /OUTPUT 5 "out";
v0x60000159d440_0 .net "a", 0 0, v0x6000015933c0_0;  alias, 1 drivers
v0x60000159d4d0_0 .net "d0", 4 0, L_0x600001690fa0;  alias, 1 drivers
v0x60000159d560_0 .net "d1", 4 0, L_0x600001691040;  alias, 1 drivers
v0x60000159d5f0_0 .net "out", 4 0, L_0x600001691360;  alias, 1 drivers
L_0x600001691360 .functor MUXZ 5, L_0x600001690fa0, L_0x600001691040, v0x6000015933c0_0, C4<>;
S_0x13ef047f0 .scope module, "output2" "mux2_5" 4 47, 2 36 0, S_0x13ef08520;
 .timescale 0 0;
    .port_info 0 /INPUT 5 "d0";
    .port_info 1 /INPUT 5 "d1";
    .port_info 2 /INPUT 1 "a";
    .port_info 3 /OUTPUT 5 "out";
v0x60000159d680_0 .net "a", 0 0, v0x600001593450_0;  alias, 1 drivers
v0x60000159d710_0 .net "d0", 4 0, L_0x600001691360;  alias, 1 drivers
L_0x130040130 .functor BUFT 1, C4<11111>, C4<0>, C4<0>, C4<0>;
v0x60000159d7a0_0 .net "d1", 4 0, L_0x130040130;  1 drivers
v0x60000159d830_0 .net "out", 4 0, L_0x600001691400;  alias, 1 drivers
L_0x600001691400 .functor MUXZ 5, L_0x600001691360, L_0x130040130, v0x600001593450_0, C4<>;
S_0x13ef04960 .scope module, "secondOperand" "mux2_32" 4 55, 2 28 0, S_0x13ef08520;
 .timescale 0 0;
    .port_info 0 /INPUT 32 "d0";
    .port_info 1 /INPUT 32 "d1";
    .port_info 2 /INPUT 1 "a";
    .port_info 3 /OUTPUT 32 "out";
v0x60000159d8c0_0 .net "a", 0 0, v0x600001593330_0;  alias, 1 drivers
v0x60000159d950_0 .net "d0", 31 0, L_0x600000c90930;  alias, 1 drivers
v0x60000159d9e0_0 .net8 "d1", 31 0, RS_0x130008850;  alias, 2 drivers
v0x60000159da70_0 .net "out", 31 0, L_0x600001691860;  alias, 1 drivers
L_0x600001691860 .functor MUXZ 32, L_0x600000c90930, RS_0x130008850, v0x600001593330_0, C4<>;
S_0x13ef04ad0 .scope module, "writer1" "mux2_32" 4 68, 2 28 0, S_0x13ef08520;
 .timescale 0 0;
    .port_info 0 /INPUT 32 "d0";
    .port_info 1 /INPUT 32 "d1";
    .port_info 2 /INPUT 1 "a";
    .port_info 3 /OUTPUT 32 "out";
v0x60000159db00_0 .net "a", 0 0, v0x6000015934e0_0;  alias, 1 drivers
v0x60000159db90_0 .net "d0", 31 0, v0x600001593ba0_0;  alias, 1 drivers
v0x60000159dc20_0 .net "d1", 31 0, L_0x600000c90850;  alias, 1 drivers
v0x60000159dcb0_0 .net "out", 31 0, L_0x600001691900;  alias, 1 drivers
L_0x600001691900 .functor MUXZ 32, v0x600001593ba0_0, L_0x600000c90850, v0x6000015934e0_0, C4<>;
S_0x13ef04c40 .scope module, "writer2" "mux2_32" 4 69, 2 28 0, S_0x13ef08520;
 .timescale 0 0;
    .port_info 0 /INPUT 32 "d0";
    .port_info 1 /INPUT 32 "d1";
    .port_info 2 /INPUT 1 "a";
    .port_info 3 /OUTPUT 32 "out";
v0x60000159dd40_0 .net "a", 0 0, v0x600001593450_0;  alias, 1 drivers
v0x60000159ddd0_0 .net "d0", 31 0, L_0x600001691900;  alias, 1 drivers
v0x60000159de60_0 .net "d1", 31 0, v0x600001593e70_0;  alias, 1 drivers
v0x60000159def0_0 .net "out", 31 0, L_0x6000016919a0;  alias, 1 drivers
L_0x6000016919a0 .functor MUXZ 32, L_0x600001691900, v0x600001593e70_0, v0x600001593450_0, C4<>;
S_0x13ef04fb0 .scope module, "cpu_data_memory" "data_memory" 3 20, 5 1 0, S_0x13ef083b0;
 .timescale 0 0;
    .port_info 0 /INPUT 32 "a";
    .port_info 1 /INPUT 1 "we";
    .port_info 2 /INPUT 1 "clk";
    .port_info 3 /INPUT 32 "wd";
    .port_info 4 /OUTPUT 32 "rd";
L_0x600000c90850 .functor BUFZ 32, L_0x600001690aa0, C4<00000000000000000000000000000000>, C4<00000000000000000000000000000000>, C4<00000000000000000000000000000000>;
v0x600001598090_0 .net *"_ivl_0", 31 0, L_0x600001690aa0;  1 drivers
L_0x130040058 .functor BUFT 1, C4<00000000000000000000000000000100>, C4<0>, C4<0>, C4<0>;
v0x600001598120_0 .net/2u *"_ivl_2", 31 0, L_0x130040058;  1 drivers
v0x6000015981b0_0 .net *"_ivl_4", 31 0, L_0x600001690b40;  1 drivers
v0x600001598240_0 .net "a", 31 0, L_0x600000c90f50;  alias, 1 drivers
v0x6000015982d0_0 .net "clk", 0 0, v0x600001599440_0;  alias, 1 drivers
v0x600001598360_0 .var/i "i", 31 0;
v0x6000015983f0 .array "ram", 2047 0, 31 0;
v0x600001598480_0 .net "rd", 31 0, L_0x600000c90850;  alias, 1 drivers
v0x600001598510_0 .net "wd", 31 0, L_0x600000c90fc0;  alias, 1 drivers
v0x6000015985a0_0 .net "we", 0 0, L_0x600000c91030;  alias, 1 drivers
E_0x600003298280 .event posedge, v0x60000159e640_0;
L_0x600001690aa0 .array/port v0x6000015983f0, L_0x600001690b40;
L_0x600001690b40 .arith/div 32, L_0x600000c90f50, L_0x130040058;
S_0x13ef05120 .scope module, "cpu_instruction_memory" "instruction_memory" 3 12, 5 34 0, S_0x13ef083b0;
 .timescale 0 0;
    .port_info 0 /INPUT 32 "a";
    .port_info 1 /OUTPUT 32 "rd";
L_0x600000c90770 .functor BUFZ 32, L_0x600001690960, C4<00000000000000000000000000000000>, C4<00000000000000000000000000000000>, C4<00000000000000000000000000000000>;
v0x600001598630_0 .net *"_ivl_0", 31 0, L_0x600001690960;  1 drivers
L_0x130040010 .functor BUFT 1, C4<00000000000000000000000000000100>, C4<0>, C4<0>, C4<0>;
v0x6000015986c0_0 .net/2u *"_ivl_2", 31 0, L_0x130040010;  1 drivers
v0x600001598750_0 .net *"_ivl_4", 31 0, L_0x600001690a00;  1 drivers
v0x6000015987e0_0 .net "a", 31 0, L_0x600000c90e70;  alias, 1 drivers
v0x600001598870 .array "ram", 63 0, 31 0;
v0x600001598900_0 .net "rd", 31 0, L_0x600000c90770;  alias, 1 drivers
L_0x600001690960 .array/port v0x600001598870, L_0x600001690a00;
L_0x600001690a00 .arith/div 32, L_0x600000c90e70, L_0x130040010;
S_0x13ef05290 .scope module, "cpu_register" "register_file" 3 26, 6 1 0, S_0x13ef083b0;
 .timescale 0 0;
    .port_info 0 /INPUT 1 "clk";
    .port_info 1 /INPUT 1 "we3";
    .port_info 2 /INPUT 5 "a1";
    .port_info 3 /INPUT 5 "a2";
    .port_info 4 /INPUT 5 "a3";
    .port_info 5 /INPUT 32 "wd3";
    .port_info 6 /OUTPUT 32 "rd1";
    .port_info 7 /OUTPUT 32 "rd2";
L_0x600000c908c0 .functor BUFZ 32, L_0x600001690be0, C4<00000000000000000000000000000000>, C4<00000000000000000000000000000000>, C4<00000000000000000000000000000000>;
L_0x600000c90930 .functor BUFZ 32, L_0x600001690d20, C4<00000000000000000000000000000000>, C4<00000000000000000000000000000000>, C4<00000000000000000000000000000000>;
v0x600001598990_0 .net *"_ivl_0", 31 0, L_0x600001690be0;  1 drivers
v0x600001598a20_0 .net *"_ivl_10", 6 0, L_0x600001690dc0;  1 drivers
L_0x1300400e8 .functor BUFT 1, C4<00>, C4<0>, C4<0>, C4<0>;
v0x600001598ab0_0 .net *"_ivl_13", 1 0, L_0x1300400e8;  1 drivers
v0x600001598b40_0 .net *"_ivl_2", 6 0, L_0x600001690c80;  1 drivers
L_0x1300400a0 .functor BUFT 1, C4<00>, C4<0>, C4<0>, C4<0>;
v0x600001598bd0_0 .net *"_ivl_5", 1 0, L_0x1300400a0;  1 drivers
v0x600001598c60_0 .net *"_ivl_8", 31 0, L_0x600001690d20;  1 drivers
v0x600001598cf0_0 .net "a1", 4 0, L_0x600001691220;  alias, 1 drivers
v0x600001598d80_0 .net "a2", 4 0, L_0x6000016912c0;  alias, 1 drivers
v0x600001598e10_0 .net "a3", 4 0, L_0x600001691400;  alias, 1 drivers
v0x600001598ea0_0 .net "clk", 0 0, v0x600001599440_0;  alias, 1 drivers
v0x600001598f30_0 .var/i "i", 31 0;
v0x600001598fc0 .array "mem", 31 0, 31 0;
v0x600001599050_0 .net "rd1", 31 0, L_0x600000c908c0;  alias, 1 drivers
v0x6000015990e0_0 .net "rd2", 31 0, L_0x600000c90930;  alias, 1 drivers
v0x600001599170_0 .net "wd3", 31 0, L_0x6000016919a0;  alias, 1 drivers
v0x600001599200_0 .net "we3", 0 0, L_0x600000c90ee0;  alias, 1 drivers
L_0x600001690be0 .array/port v0x600001598fc0, L_0x600001690c80;
L_0x600001690c80 .concat [ 5 2 0 0], L_0x600001691220, L_0x1300400a0;
L_0x600001690d20 .array/port v0x600001598fc0, L_0x600001690dc0;
L_0x600001690dc0 .concat [ 5 2 0 0], L_0x6000016912c0, L_0x1300400e8;
S_0x13ef05400 .scope module, "program_counter" "d_flop" 3 18, 7 1 0, S_0x13ef083b0;
 .timescale 0 0;
    .port_info 0 /INPUT 32 "d";
    .port_info 1 /INPUT 1 "clk";
    .port_info 2 /OUTPUT 32 "q";
v0x600001599290_0 .net "clk", 0 0, v0x600001599440_0;  alias, 1 drivers
v0x600001599320_0 .net "d", 31 0, L_0x600001692080;  alias, 1 drivers
v0x6000015993b0_0 .var "q", 31 0;
    .scope S_0x13ef05120;
T_0 ;
    %vpi_call 5 45 "$readmemb", "instructions.dat", v0x600001598870 {0 0 0};
    %end;
    .thread T_0;
    .scope S_0x13ef05400;
T_1 ;
    %pushi/vec4 0, 0, 32;
    %assign/vec4 v0x6000015993b0_0, 0;
    %end;
    .thread T_1;
    .scope S_0x13ef05400;
T_2 ;
    %wait E_0x600003298280;
    %load/vec4 v0x600001599320_0;
    %assign/vec4 v0x6000015993b0_0, 0;
    %jmp T_2;
    .thread T_2;
    .scope S_0x13ef04fb0;
T_3 ;
    %pushi/vec4 0, 0, 32;
    %store/vec4 v0x600001598360_0, 0, 32;
T_3.0 ;
    %load/vec4 v0x600001598360_0;
    %cmpi/s 2048, 0, 32;
    %jmp/0xz T_3.1, 5;
    %pushi/vec4 0, 0, 32;
    %ix/getv/s 4, v0x600001598360_0;
    %store/vec4a v0x6000015983f0, 4, 0;
    %load/vec4 v0x600001598360_0;
    %addi 1, 0, 32;
    %store/vec4 v0x600001598360_0, 0, 32;
    %jmp T_3.0;
T_3.1 ;
    %end;
    .thread T_3;
    .scope S_0x13ef04fb0;
T_4 ;
    %wait E_0x600003298280;
    %load/vec4 v0x6000015985a0_0;
    %flag_set/vec4 8;
    %jmp/0xz  T_4.0, 8;
    %load/vec4 v0x600001598510_0;
    %load/vec4 v0x600001598240_0;
    %pushi/vec4 4, 0, 32;
    %div;
    %ix/vec4 4;
    %store/vec4a v0x6000015983f0, 4, 0;
T_4.0 ;
    %jmp T_4;
    .thread T_4;
    .scope S_0x13ef05290;
T_5 ;
    %pushi/vec4 0, 0, 32;
    %store/vec4 v0x600001598f30_0, 0, 32;
T_5.0 ;
    %load/vec4 v0x600001598f30_0;
    %cmpi/s 32, 0, 32;
    %jmp/0xz T_5.1, 5;
    %pushi/vec4 0, 0, 32;
    %ix/getv/s 4, v0x600001598f30_0;
    %store/vec4a v0x600001598fc0, 4, 0;
    %load/vec4 v0x600001598f30_0;
    %addi 1, 0, 32;
    %store/vec4 v0x600001598f30_0, 0, 32;
    %jmp T_5.0;
T_5.1 ;
    %end;
    .thread T_5;
    .scope S_0x13ef05290;
T_6 ;
    %wait E_0x600003298280;
    %load/vec4 v0x600001599200_0;
    %flag_set/vec4 8;
    %jmp/0xz  T_6.0, 8;
    %load/vec4 v0x600001599170_0;
    %load/vec4 v0x600001598e10_0;
    %pad/u 7;
    %ix/vec4 4;
    %store/vec4a v0x600001598fc0, 4, 0;
T_6.0 ;
    %jmp T_6;
    .thread T_6;
    .scope S_0x13ef07870;
T_7 ;
    %wait E_0x60000329fb80;
    %pushi/vec4 0, 0, 1;
    %store/vec4 v0x600001593690_0, 0, 1;
    %pushi/vec4 0, 0, 1;
    %store/vec4 v0x6000015933c0_0, 0, 1;
    %pushi/vec4 0, 0, 1;
    %store/vec4 v0x600001593330_0, 0, 1;
    %pushi/vec4 0, 0, 1;
    %store/vec4 v0x6000015934e0_0, 0, 1;
    %pushi/vec4 0, 0, 1;
    %store/vec4 v0x600001593450_0, 0, 1;
    %pushi/vec4 0, 0, 1;
    %store/vec4 v0x600001593210_0, 0, 1;
    %pushi/vec4 0, 0, 1;
    %store/vec4 v0x600001593180_0, 0, 1;
    %pushi/vec4 0, 0, 1;
    %store/vec4 v0x600001593570_0, 0, 1;
    %pushi/vec4 0, 0, 1;
    %store/vec4 v0x6000015932a0_0, 0, 1;
    %pushi/vec4 0, 0, 1;
    %store/vec4 v0x600001593600_0, 0, 1;
    %pushi/vec4 0, 0, 3;
    %store/vec4 v0x600001592c70_0, 0, 3;
    %load/vec4 v0x600001593060_0;
    %dup/vec4;
    %pushi/vec4 0, 0, 6;
    %cmp/u;
    %jmp/1 T_7.0, 6;
    %dup/vec4;
    %pushi/vec4 2, 0, 6;
    %cmp/u;
    %jmp/1 T_7.1, 6;
    %dup/vec4;
    %pushi/vec4 3, 0, 6;
    %cmp/u;
    %jmp/1 T_7.2, 6;
    %dup/vec4;
    %pushi/vec4 4, 0, 6;
    %cmp/u;
    %jmp/1 T_7.3, 6;
    %dup/vec4;
    %pushi/vec4 5, 0, 6;
    %cmp/u;
    %jmp/1 T_7.4, 6;
    %dup/vec4;
    %pushi/vec4 8, 0, 6;
    %cmp/u;
    %jmp/1 T_7.5, 6;
    %dup/vec4;
    %pushi/vec4 12, 0, 6;
    %cmp/u;
    %jmp/1 T_7.6, 6;
    %dup/vec4;
    %pushi/vec4 35, 0, 6;
    %cmp/u;
    %jmp/1 T_7.7, 6;
    %dup/vec4;
    %pushi/vec4 43, 0, 6;
    %cmp/u;
    %jmp/1 T_7.8, 6;
    %pushi/vec4 0, 0, 3;
    %store/vec4 v0x600001592c70_0, 0, 3;
    %jmp T_7.10;
T_7.0 ;
    %pushi/vec4 1, 0, 1;
    %store/vec4 v0x600001593690_0, 0, 1;
    %pushi/vec4 1, 0, 1;
    %store/vec4 v0x6000015933c0_0, 0, 1;
    %pushi/vec4 2, 0, 3;
    %store/vec4 v0x600001592c70_0, 0, 3;
    %jmp T_7.10;
T_7.1 ;
    %pushi/vec4 2, 0, 3;
    %store/vec4 v0x600001592c70_0, 0, 3;
    %pushi/vec4 1, 0, 1;
    %store/vec4 v0x6000015932a0_0, 0, 1;
    %jmp T_7.10;
T_7.2 ;
    %pushi/vec4 1, 0, 1;
    %store/vec4 v0x600001593690_0, 0, 1;
    %pushi/vec4 1, 0, 1;
    %store/vec4 v0x600001593450_0, 0, 1;
    %pushi/vec4 2, 0, 3;
    %store/vec4 v0x600001592c70_0, 0, 3;
    %pushi/vec4 1, 0, 1;
    %store/vec4 v0x6000015932a0_0, 0, 1;
    %jmp T_7.10;
T_7.3 ;
    %pushi/vec4 1, 0, 1;
    %store/vec4 v0x600001593180_0, 0, 1;
    %pushi/vec4 1, 0, 3;
    %store/vec4 v0x600001592c70_0, 0, 3;
    %jmp T_7.10;
T_7.4 ;
    %pushi/vec4 1, 0, 1;
    %store/vec4 v0x600001593210_0, 0, 1;
    %pushi/vec4 1, 0, 3;
    %store/vec4 v0x600001592c70_0, 0, 3;
    %jmp T_7.10;
T_7.5 ;
    %pushi/vec4 1, 0, 1;
    %store/vec4 v0x600001593690_0, 0, 1;
    %pushi/vec4 1, 0, 1;
    %store/vec4 v0x600001593330_0, 0, 1;
    %jmp T_7.10;
T_7.6 ;
    %pushi/vec4 1, 0, 1;
    %store/vec4 v0x600001593690_0, 0, 1;
    %pushi/vec4 1, 0, 1;
    %store/vec4 v0x600001593330_0, 0, 1;
    %pushi/vec4 3, 0, 3;
    %store/vec4 v0x600001592c70_0, 0, 3;
    %jmp T_7.10;
T_7.7 ;
    %pushi/vec4 1, 0, 1;
    %store/vec4 v0x600001593690_0, 0, 1;
    %pushi/vec4 1, 0, 1;
    %store/vec4 v0x600001593330_0, 0, 1;
    %pushi/vec4 1, 0, 1;
    %store/vec4 v0x6000015934e0_0, 0, 1;
    %jmp T_7.10;
T_7.8 ;
    %pushi/vec4 1, 0, 1;
    %store/vec4 v0x600001593330_0, 0, 1;
    %pushi/vec4 1, 0, 1;
    %store/vec4 v0x600001593570_0, 0, 1;
    %jmp T_7.10;
T_7.10 ;
    %pop/vec4 1;
    %load/vec4 v0x600001592c70_0;
    %cmpi/e 0, 0, 3;
    %jmp/0xz  T_7.11, 4;
    %pushi/vec4 2, 0, 3;
    %store/vec4 v0x600001592c70_0, 0, 3;
    %jmp T_7.12;
T_7.11 ;
    %load/vec4 v0x600001592c70_0;
    %cmpi/e 3, 0, 3;
    %jmp/0xz  T_7.13, 4;
    %pushi/vec4 0, 0, 3;
    %store/vec4 v0x600001592c70_0, 0, 3;
    %jmp T_7.14;
T_7.13 ;
    %load/vec4 v0x600001592c70_0;
    %cmpi/e 1, 0, 3;
    %jmp/0xz  T_7.15, 4;
    %pushi/vec4 6, 0, 3;
    %store/vec4 v0x600001592c70_0, 0, 3;
    %jmp T_7.16;
T_7.15 ;
    %load/vec4 v0x600001592e20_0;
    %dup/vec4;
    %pushi/vec4 32, 0, 6;
    %cmp/u;
    %jmp/1 T_7.17, 6;
    %dup/vec4;
    %pushi/vec4 34, 0, 6;
    %cmp/u;
    %jmp/1 T_7.18, 6;
    %dup/vec4;
    %pushi/vec4 36, 0, 6;
    %cmp/u;
    %jmp/1 T_7.19, 6;
    %dup/vec4;
    %pushi/vec4 37, 0, 6;
    %cmp/u;
    %jmp/1 T_7.20, 6;
    %dup/vec4;
    %pushi/vec4 42, 0, 6;
    %cmp/u;
    %jmp/1 T_7.21, 6;
    %dup/vec4;
    %pushi/vec4 8, 0, 6;
    %cmp/u;
    %jmp/1 T_7.22, 6;
    %pushi/vec4 0, 0, 3;
    %store/vec4 v0x600001592c70_0, 0, 3;
    %jmp T_7.24;
T_7.17 ;
    %pushi/vec4 2, 0, 3;
    %store/vec4 v0x600001592c70_0, 0, 3;
    %jmp T_7.24;
T_7.18 ;
    %pushi/vec4 6, 0, 3;
    %store/vec4 v0x600001592c70_0, 0, 3;
    %jmp T_7.24;
T_7.19 ;
    %pushi/vec4 0, 0, 3;
    %store/vec4 v0x600001592c70_0, 0, 3;
    %jmp T_7.24;
T_7.20 ;
    %pushi/vec4 1, 0, 3;
    %store/vec4 v0x600001592c70_0, 0, 3;
    %jmp T_7.24;
T_7.21 ;
    %pushi/vec4 7, 0, 3;
    %store/vec4 v0x600001592c70_0, 0, 3;
    %jmp T_7.24;
T_7.22 ;
    %pushi/vec4 1, 0, 1;
    %store/vec4 v0x600001593600_0, 0, 1;
    %pushi/vec4 0, 0, 1;
    %store/vec4 v0x600001593690_0, 0, 1;
    %jmp T_7.24;
T_7.24 ;
    %pop/vec4 1;
T_7.16 ;
T_7.14 ;
T_7.12 ;
    %jmp T_7;
    .thread T_7, $push;
    .scope S_0x13ef07c90;
T_8 ;
    %wait E_0x60000329fbc0;
    %load/vec4 v0x6000015939f0_0;
    %parti/s 2, 0, 2;
    %dup/vec4;
    %pushi/vec4 0, 0, 2;
    %cmp/u;
    %jmp/1 T_8.0, 6;
    %dup/vec4;
    %pushi/vec4 1, 0, 2;
    %cmp/u;
    %jmp/1 T_8.1, 6;
    %dup/vec4;
    %pushi/vec4 2, 0, 2;
    %cmp/u;
    %jmp/1 T_8.2, 6;
    %dup/vec4;
    %pushi/vec4 3, 0, 2;
    %cmp/u;
    %jmp/1 T_8.3, 6;
    %jmp T_8.4;
T_8.0 ;
    %load/vec4 v0x600001593a80_0;
    %load/vec4 v0x6000015939f0_0;
    %parti/s 1, 2, 3;
    %flag_set/vec4 8;
    %jmp/0 T_8.5, 8;
    %load/vec4 v0x600001593b10_0;
    %inv;
    %jmp/1 T_8.6, 8;
T_8.5 ; End of true expr.
    %load/vec4 v0x600001593b10_0;
    %jmp/0 T_8.6, 8;
 ; End of false expr.
    %blend;
T_8.6;
    %and;
    %store/vec4 v0x600001593ba0_0, 0, 32;
    %jmp T_8.4;
T_8.1 ;
    %load/vec4 v0x600001593a80_0;
    %load/vec4 v0x6000015939f0_0;
    %parti/s 1, 2, 3;
    %flag_set/vec4 8;
    %jmp/0 T_8.7, 8;
    %load/vec4 v0x600001593b10_0;
    %inv;
    %jmp/1 T_8.8, 8;
T_8.7 ; End of true expr.
    %load/vec4 v0x600001593b10_0;
    %jmp/0 T_8.8, 8;
 ; End of false expr.
    %blend;
T_8.8;
    %or;
    %store/vec4 v0x600001593ba0_0, 0, 32;
    %jmp T_8.4;
T_8.2 ;
    %load/vec4 v0x600001593a80_0;
    %load/vec4 v0x6000015939f0_0;
    %parti/s 1, 2, 3;
    %flag_set/vec4 8;
    %jmp/0 T_8.9, 8;
    %load/vec4 v0x600001593b10_0;
    %inv;
    %jmp/1 T_8.10, 8;
T_8.9 ; End of true expr.
    %load/vec4 v0x600001593b10_0;
    %jmp/0 T_8.10, 8;
 ; End of false expr.
    %blend;
T_8.10;
    %add;
    %load/vec4 v0x6000015939f0_0;
    %parti/s 1, 2, 3;
    %pad/u 32;
    %add;
    %store/vec4 v0x600001593ba0_0, 0, 32;
    %jmp T_8.4;
T_8.3 ;
    %load/vec4 v0x600001593a80_0;
    %load/vec4 v0x600001593b10_0;
    %cmp/s;
    %flag_mov 8, 5;
    %jmp/0 T_8.11, 8;
    %pushi/vec4 1, 0, 32;
    %jmp/1 T_8.12, 8;
T_8.11 ; End of true expr.
    %pushi/vec4 0, 0, 32;
    %jmp/0 T_8.12, 8;
 ; End of false expr.
    %blend;
T_8.12;
    %store/vec4 v0x600001593ba0_0, 0, 32;
    %jmp T_8.4;
T_8.4 ;
    %pop/vec4 1;
    %load/vec4 v0x600001593ba0_0;
    %or/r;
    %inv;
    %store/vec4 v0x600001593c30_0, 0, 1;
    %jmp T_8;
    .thread T_8, $push;
    .scope S_0x13ef07e00;
T_9 ;
    %wait E_0x60000329fc40;
    %load/vec4 v0x600001593cc0_0;
    %parti/s 2, 0, 2;
    %dup/vec4;
    %pushi/vec4 0, 0, 2;
    %cmp/u;
    %jmp/1 T_9.0, 6;
    %dup/vec4;
    %pushi/vec4 1, 0, 2;
    %cmp/u;
    %jmp/1 T_9.1, 6;
    %dup/vec4;
    %pushi/vec4 2, 0, 2;
    %cmp/u;
    %jmp/1 T_9.2, 6;
    %dup/vec4;
    %pushi/vec4 3, 0, 2;
    %cmp/u;
    %jmp/1 T_9.3, 6;
    %jmp T_9.4;
T_9.0 ;
    %load/vec4 v0x600001593d50_0;
    %load/vec4 v0x600001593cc0_0;
    %parti/s 1, 2, 3;
    %flag_set/vec4 8;
    %jmp/0 T_9.5, 8;
    %load/vec4 v0x600001593de0_0;
    %inv;
    %jmp/1 T_9.6, 8;
T_9.5 ; End of true expr.
    %load/vec4 v0x600001593de0_0;
    %jmp/0 T_9.6, 8;
 ; End of false expr.
    %blend;
T_9.6;
    %and;
    %store/vec4 v0x600001593e70_0, 0, 32;
    %jmp T_9.4;
T_9.1 ;
    %load/vec4 v0x600001593d50_0;
    %load/vec4 v0x600001593cc0_0;
    %parti/s 1, 2, 3;
    %flag_set/vec4 8;
    %jmp/0 T_9.7, 8;
    %load/vec4 v0x600001593de0_0;
    %inv;
    %jmp/1 T_9.8, 8;
T_9.7 ; End of true expr.
    %load/vec4 v0x600001593de0_0;
    %jmp/0 T_9.8, 8;
 ; End of false expr.
    %blend;
T_9.8;
    %or;
    %store/vec4 v0x600001593e70_0, 0, 32;
    %jmp T_9.4;
T_9.2 ;
    %load/vec4 v0x600001593d50_0;
    %load/vec4 v0x600001593cc0_0;
    %parti/s 1, 2, 3;
    %flag_set/vec4 8;
    %jmp/0 T_9.9, 8;
    %load/vec4 v0x600001593de0_0;
    %inv;
    %jmp/1 T_9.10, 8;
T_9.9 ; End of true expr.
    %load/vec4 v0x600001593de0_0;
    %jmp/0 T_9.10, 8;
 ; End of false expr.
    %blend;
T_9.10;
    %add;
    %load/vec4 v0x600001593cc0_0;
    %parti/s 1, 2, 3;
    %pad/u 32;
    %add;
    %store/vec4 v0x600001593e70_0, 0, 32;
    %jmp T_9.4;
T_9.3 ;
    %load/vec4 v0x600001593d50_0;
    %load/vec4 v0x600001593de0_0;
    %cmp/s;
    %flag_mov 8, 5;
    %jmp/0 T_9.11, 8;
    %pushi/vec4 1, 0, 32;
    %jmp/1 T_9.12, 8;
T_9.11 ; End of true expr.
    %pushi/vec4 0, 0, 32;
    %jmp/0 T_9.12, 8;
 ; End of false expr.
    %blend;
T_9.12;
    %store/vec4 v0x600001593e70_0, 0, 32;
    %jmp T_9.4;
T_9.4 ;
    %pop/vec4 1;
    %load/vec4 v0x600001593e70_0;
    %or/r;
    %inv;
    %store/vec4 v0x600001593f00_0, 0, 1;
    %jmp T_9;
    .thread T_9, $push;
    .scope S_0x13ef06a30;
T_10 ;
    %wait E_0x60000329fd00;
    %load/vec4 v0x60000159c000_0;
    %parti/s 2, 0, 2;
    %dup/vec4;
    %pushi/vec4 0, 0, 2;
    %cmp/u;
    %jmp/1 T_10.0, 6;
    %dup/vec4;
    %pushi/vec4 1, 0, 2;
    %cmp/u;
    %jmp/1 T_10.1, 6;
    %dup/vec4;
    %pushi/vec4 2, 0, 2;
    %cmp/u;
    %jmp/1 T_10.2, 6;
    %dup/vec4;
    %pushi/vec4 3, 0, 2;
    %cmp/u;
    %jmp/1 T_10.3, 6;
    %jmp T_10.4;
T_10.0 ;
    %load/vec4 v0x60000159c090_0;
    %load/vec4 v0x60000159c000_0;
    %parti/s 1, 2, 3;
    %flag_set/vec4 8;
    %jmp/0 T_10.5, 8;
    %load/vec4 v0x60000159c120_0;
    %inv;
    %jmp/1 T_10.6, 8;
T_10.5 ; End of true expr.
    %load/vec4 v0x60000159c120_0;
    %jmp/0 T_10.6, 8;
 ; End of false expr.
    %blend;
T_10.6;
    %and;
    %store/vec4 v0x60000159c1b0_0, 0, 32;
    %jmp T_10.4;
T_10.1 ;
    %load/vec4 v0x60000159c090_0;
    %load/vec4 v0x60000159c000_0;
    %parti/s 1, 2, 3;
    %flag_set/vec4 8;
    %jmp/0 T_10.7, 8;
    %load/vec4 v0x60000159c120_0;
    %inv;
    %jmp/1 T_10.8, 8;
T_10.7 ; End of true expr.
    %load/vec4 v0x60000159c120_0;
    %jmp/0 T_10.8, 8;
 ; End of false expr.
    %blend;
T_10.8;
    %or;
    %store/vec4 v0x60000159c1b0_0, 0, 32;
    %jmp T_10.4;
T_10.2 ;
    %load/vec4 v0x60000159c090_0;
    %load/vec4 v0x60000159c000_0;
    %parti/s 1, 2, 3;
    %flag_set/vec4 8;
    %jmp/0 T_10.9, 8;
    %load/vec4 v0x60000159c120_0;
    %inv;
    %jmp/1 T_10.10, 8;
T_10.9 ; End of true expr.
    %load/vec4 v0x60000159c120_0;
    %jmp/0 T_10.10, 8;
 ; End of false expr.
    %blend;
T_10.10;
    %add;
    %load/vec4 v0x60000159c000_0;
    %parti/s 1, 2, 3;
    %pad/u 32;
    %add;
    %store/vec4 v0x60000159c1b0_0, 0, 32;
    %jmp T_10.4;
T_10.3 ;
    %load/vec4 v0x60000159c090_0;
    %load/vec4 v0x60000159c120_0;
    %cmp/s;
    %flag_mov 8, 5;
    %jmp/0 T_10.11, 8;
    %pushi/vec4 1, 0, 32;
    %jmp/1 T_10.12, 8;
T_10.11 ; End of true expr.
    %pushi/vec4 0, 0, 32;
    %jmp/0 T_10.12, 8;
 ; End of false expr.
    %blend;
T_10.12;
    %store/vec4 v0x60000159c1b0_0, 0, 32;
    %jmp T_10.4;
T_10.4 ;
    %pop/vec4 1;
    %load/vec4 v0x60000159c1b0_0;
    %or/r;
    %inv;
    %store/vec4 v0x60000159c240_0, 0, 1;
    %jmp T_10;
    .thread T_10, $push;
    .scope S_0x13ef05cb0;
T_11 ;
    %wait E_0x60000329fe00;
    %load/vec4 v0x60000159d290_0;
    %flag_set/vec4 8;
    %flag_get/vec4 8;
    %jmp/0 T_11.0, 8;
    %load/vec4 v0x60000159d320_0;
    %and;
T_11.0;
    %store/vec4 v0x60000159d3b0_0, 0, 1;
    %jmp T_11;
    .thread T_11, $push;
    .scope S_0x13ef083b0;
T_12 ;
    %pushi/vec4 0, 0, 32;
    %store/vec4 v0x600001599710_0, 0, 32;
T_12.0 ;
    %load/vec4 v0x600001599710_0;
    %cmpi/u 500, 0, 32;
    %jmp/0xz T_12.1, 5;
    %delay 5, 0;
    %pushi/vec4 1, 0, 1;
    %store/vec4 v0x600001599440_0, 0, 1;
    %delay 5, 0;
    %pushi/vec4 0, 0, 1;
    %store/vec4 v0x600001599440_0, 0, 1;
    %load/vec4 v0x600001599710_0;
    %addi 1, 0, 32;
    %store/vec4 v0x600001599710_0, 0, 32;
    %jmp T_12.0;
T_12.1 ;
    %pushi/vec4 0, 0, 32;
    %store/vec4 v0x600001599a70_0, 0, 32;
T_12.2 ;
    %load/vec4 v0x600001599a70_0;
    %cmpi/u 32, 0, 32;
    %jmp/0xz T_12.3, 5;
    %vpi_call 3 64 "$display", "Register: %d, value: %d", v0x600001599a70_0, &A<v0x600001598fc0, v0x600001599a70_0 > {0 0 0};
    %load/vec4 v0x600001599a70_0;
    %addi 1, 0, 32;
    %store/vec4 v0x600001599a70_0, 0, 32;
    %jmp T_12.2;
T_12.3 ;
    %pushi/vec4 0, 0, 32;
    %store/vec4 v0x6000015998c0_0, 0, 32;
T_12.4 ;
    %load/vec4 v0x6000015998c0_0;
    %cmpi/u 64, 0, 32;
    %jmp/0xz T_12.5, 5;
    %load/vec4 v0x6000015998c0_0;
    %muli 4, 0, 32;
    %vpi_call 3 68 "$display", "Addr: %d, value: %d", S<0,vec4,u32>, &A<v0x6000015983f0, v0x6000015998c0_0 > {1 0 0};
    %load/vec4 v0x6000015998c0_0;
    %addi 1, 0, 32;
    %store/vec4 v0x6000015998c0_0, 0, 32;
    %jmp T_12.4;
T_12.5 ;
    %end;
    .thread T_12;
# The file index is used to find the file name in the following table.
:file_names 8;
    "N/A";
    "<interactive>";
    "./util.v";
    "cpu_test.v";
    "./mips_cpu.v";
    "./memory.v";
    "./register_file.v";
    "./d_flop.v";
